<?xml version="1.0" encoding="UTF-8"?>
<!-- Generated by org.testng.reporters.JUnitReportReporter -->
<testsuite hostname="QT-INBG-LT1615" failures="0" tests="5" name="Signin" time="7.166" errors="0" timestamp="2022-10-13T10:45:36 IST" skipped="0">
  <testcase classname="Signin" name="launchBrowser" time="2.566"/>
  <system-out/>
  <testcase classname="Signin" name="signIn" time="1.211"/>
  <system-out/>
  <testcase classname="Signin" name="userName" time="1.096"/>
  <system-out/>
  <testcase classname="Signin" name="enterPassword" time="1.132"/>
  <system-out/>
  <testcase classname="Signin" name="login" time="1.161"/>
  <system-out/>
</testsuite> <!-- Signin -->
