<?xml version="1.0" encoding="UTF-8"?>
<!-- Generated by org.testng.reporters.JUnitReportReporter -->
<testsuite hostname="QT-INBG-LT1615" failures="0" tests="11" name="Signup" time="16.528" errors="0" timestamp="2022-10-13T10:45:36 IST" skipped="0">
  <testcase classname="Signup" name="launchBrowser" time="2.603"/>
  <system-out/>
  <testcase classname="Signup" name="clickOnSignUp" time="2.500"/>
  <system-out/>
  <testcase classname="Signup" name="enterFirstName" time="1.112"/>
  <system-out/>
  <testcase classname="Signup" name="enterLastName" time="1.123"/>
  <system-out/>
  <testcase classname="Signup" name="enterMail" time="1.100"/>
  <system-out/>
  <testcase classname="Signup" name="enterPassword" time="1.120"/>
  <system-out/>
  <testcase classname="Signup" name="enterDOB" time="1.101"/>
  <system-out/>
  <testcase classname="Signup" name="selectGender" time="1.090"/>
  <system-out/>
  <testcase classname="Signup" name="enterPhoneNumber" time="1.118"/>
  <system-out/>
  <testcase classname="Signup" name="clickOnRegister" time="1.228"/>
  <system-out/>
  <testcase classname="Signup" name="clickOnSignIn" time="2.433"/>
  <system-out/>
</testsuite> <!-- Signup -->
